<?xml version="1.0" encoding="UTF-8"?>
<!-- Generated by org.testng.reporters.JUnitReportReporter -->
<testsuite hostname="Fatima_Mulla" failures="0" tests="4" name="api.testcases.UserTest" time="8.849" errors="0" timestamp="2024-11-03T01:39:50 IST" skipped="0">
  <testcase classname="api.testcases.UserTest" name="testCreateUser" time="3.112"/>
  <testcase classname="api.testcases.UserTest" name="testGetUser" time="1.138"/>
  <testcase classname="api.testcases.UserTest" name="testUpdateUser" time="3.064"/>
  <testcase classname="api.testcases.UserTest" name="testDeleteUser" time="1.535"/>
</testsuite> <!-- api.testcases.UserTest -->
