<?xml version="1.0" encoding="UTF-8"?>
<!-- Generated by org.testng.reporters.JUnitReportReporter -->
<testsuite hostname="Fatima_Mulla" failures="0" tests="4" name="api.testcases.UserTest" time="9.007" errors="0" timestamp="2024-11-03T02:25:19 IST" skipped="0">
  <testcase classname="api.testcases.UserTest" name="testCreateUser" time="3.780"/>
  <testcase classname="api.testcases.UserTest" name="testGetUser" time="1.138"/>
  <testcase classname="api.testcases.UserTest" name="testUpdateUser" time="2.760"/>
  <testcase classname="api.testcases.UserTest" name="testDeleteUser" time="1.329"/>
</testsuite> <!-- api.testcases.UserTest -->
